ď»żenv: load .env.local
env: export NEXT_PUBLIC_SUPABASE_URL EXPO_PUBLIC_SUPABASE_URL NEXT_PUBLIC_SUPABASE_ANON_KEY EXPO_PUBLIC_SUPABASE_ANON_KEY SUPABASE_SERVICE_ROLE_KEY NEXT_PUBLIC_CLOUDINARY_CLOUD_NAME CLOUDINARY_API_KEY CLOUDINARY_API_SECRET UPSTASH_REDIS_REST_URL UPSTASH_REDIS_REST_TOKEN
Î“Ă‡â•‘ Building app...
Starting Metro Bundler
warning: Bundler cache is empty, rebuilding (this may take a minute)
Android node_modules\expo-router\entry.js Î“Ă»Ă¦Î“Ă»Ă¦Î“Ă»Ă¦Î“Ă»Ă¦Î“Ă»Ă¦Î“Ă»Ă¦Î“Ă»Ă¦Î“Ă»Ă¦Î“Ă»Ă¦Î“Ă»Ă¦Î“Ă»Ă¦Î“Ă»Ă¦Î“Ă»Ă¦Î“Ă»Ă¦Î“Ă»Ă¦Î“Ă»Ă¦  0.0% (0/1)
Android node_modules\expo-router\entry.js Î“Ă»Ă´Î“Ă»Ă´Î“Ă»Ă´Î“Ă»Ă´Î“Ă»Ă´Î“Ă»Ă´Î“Ă»Ă´Î“Ă»Ă´Î“Ă»Ă¦Î“Ă»Ă¦Î“Ă»Ă¦Î“Ă»Ă¦Î“Ă»Ă¦Î“Ă»Ă¦Î“Ă»Ă¦Î“Ă»Ă¦ 52.2% (31/44)
Android node_modules\expo-router\entry.js Î“Ă»Ă´Î“Ă»Ă´Î“Ă»Ă´Î“Ă»Ă´Î“Ă»Ă´Î“Ă»Ă´Î“Ă»Ă´Î“Ă»Ă´Î“Ă»Ă´Î“Ă»Ă´Î“Ă»Ă´Î“Ă»Ă¦Î“Ă»Ă¦Î“Ă»Ă¦Î“Ă»Ă¦Î“Ă»Ă¦ 70.6% (344/562)
Android node_modules\expo-router\entry.js Î“Ă»Ă´Î“Ă»Ă´Î“Ă»Ă´Î“Ă»Ă´Î“Ă»Ă´Î“Ă»Ă´Î“Ă»Ă´Î“Ă»Ă´Î“Ă»Ă´Î“Ă»Ă´Î“Ă»Ă´Î“Ă»Ă´Î“Ă»Ă¦Î“Ă»Ă¦Î“Ă»Ă¦Î“Ă»Ă¦ 75.9% (831/954)
Android node_modules\expo-router\entry.js Î“Ă»Ă´Î“Ă»Ă´Î“Ă»Ă´Î“Ă»Ă´Î“Ă»Ă´Î“Ă»Ă´Î“Ă»Ă´Î“Ă»Ă´Î“Ă»Ă´Î“Ă»Ă´Î“Ă»Ă´Î“Ă»Ă´Î“Ă»Ă´Î“Ă»Ă´Î“Ă»Ă¦Î“Ă»Ă¦ 88.2% (1099/1207)
Android node_modules\expo-router\entry.js Î“Ă»Ă´Î“Ă»Ă´Î“Ă»Ă´Î“Ă»Ă´Î“Ă»Ă´Î“Ă»Ă´Î“Ă»Ă´Î“Ă»Ă´Î“Ă»Ă´Î“Ă»Ă´Î“Ă»Ă´Î“Ă»Ă´Î“Ă»Ă´Î“Ă»Ă´Î“Ă»Ă´Î“Ă»Ă¦ 99.8% (1297/1298)
Android node_modules\expo-router\entry.js Î“Ă»Ă´Î“Ă»Ă´Î“Ă»Ă´Î“Ă»Ă´Î“Ă»Ă´Î“Ă»Ă´Î“Ă»Ă´Î“Ă»Ă´Î“Ă»Ă´Î“Ă»Ă´Î“Ă»Ă´Î“Ă»Ă´Î“Ă»Ă´Î“Ă»Ă´Î“Ă»Ă´Î“Ă»Ă¦ 99.9% (1298/1298)
Android node_modules\expo-router\entry.js Î“Ă»Ă´Î“Ă»Ă´Î“Ă»Ă´Î“Ă»Ă´Î“Ă»Ă´Î“Ă»Ă´Î“Ă»Ă´Î“Ă»Ă´Î“Ă»Ă´Î“Ă»Ă´Î“Ă»Ă´Î“Ă»Ă´Î“Ă»Ă´Î“Ă»Ă´Î“Ă»Ă´Î“Ă»Ă¦ 99.9% (2393/2988)
Android Bundled 44121ms node_modules\expo-router\entry.js (3101 modules)
Writing bundle output to: C:\Users\Vinay\AppData\Local\Temp\yd8d6d94wj\index.js
Copying 26 asset files
Done writing bundle output
Configuration on demand is an incubating feature.
> Task :gradle-plugin:settings-plugin:checkKotlinGradlePluginConfigurationErrors SKIPPED
> Task :expo-gradle-plugin:expo-autolinking-plugin-shared:checkKotlinGradlePluginConfigurationErrors
> Task :gradle-plugin:shared:checkKotlinGradlePluginConfigurationErrors SKIPPED
> Task :expo-gradle-plugin:expo-autolinking-plugin-shared:compileKotlin UP-TO-DATE
> Task :expo-gradle-plugin:expo-autolinking-plugin-shared:compileJava NO-SOURCE
> Task :expo-gradle-plugin:expo-autolinking-plugin-shared:processResources NO-SOURCE
> Task :expo-gradle-plugin:expo-autolinking-plugin-shared:classes UP-TO-DATE
> Task :expo-gradle-plugin:expo-autolinking-plugin-shared:jar UP-TO-DATE
> Task :expo-gradle-plugin:expo-autolinking-settings-plugin:checkKotlinGradlePluginConfigurationErrors
> Task :expo-gradle-plugin:expo-autolinking-settings-plugin:compileKotlin UP-TO-DATE
> Task :expo-gradle-plugin:expo-autolinking-settings-plugin:compileJava NO-SOURCE
> Task :expo-gradle-plugin:expo-autolinking-settings-plugin:pluginDescriptors UP-TO-DATE
> Task :expo-gradle-plugin:expo-autolinking-settings-plugin:processResources UP-TO-DATE
> Task :expo-gradle-plugin:expo-autolinking-settings-plugin:classes UP-TO-DATE
> Task :expo-gradle-plugin:expo-autolinking-settings-plugin:jar UP-TO-DATE
> Task :gradle-plugin:shared:compileKotlin UP-TO-DATE
> Task :gradle-plugin:shared:compileJava NO-SOURCE
> Task :gradle-plugin:shared:processResources NO-SOURCE
> Task :gradle-plugin:shared:classes UP-TO-DATE
> Task :gradle-plugin:shared:jar UP-TO-DATE
> Task :gradle-plugin:settings-plugin:compileKotlin UP-TO-DATE
> Task :gradle-plugin:settings-plugin:compileJava NO-SOURCE
> Task :gradle-plugin:settings-plugin:pluginDescriptors UP-TO-DATE
> Task :gradle-plugin:settings-plugin:processResources UP-TO-DATE
> Task :gradle-plugin:settings-plugin:classes UP-TO-DATE
> Task :gradle-plugin:settings-plugin:jar UP-TO-DATE
> Task :gradle-plugin:react-native-gradle-plugin:checkKotlinGradlePluginConfigurationErrors SKIPPED
> Task :expo-gradle-plugin:expo-autolinking-plugin:checkKotlinGradlePluginConfigurationErrors
> Task :expo-module-gradle-plugin:checkKotlinGradlePluginConfigurationErrors
> Task :expo-module-gradle-plugin:pluginDescriptors UP-TO-DATE
> Task :expo-module-gradle-plugin:processResources UP-TO-DATE
> Task :expo-gradle-plugin:expo-autolinking-plugin:compileKotlin UP-TO-DATE
> Task :expo-gradle-plugin:expo-autolinking-plugin:compileJava NO-SOURCE
> Task :expo-gradle-plugin:expo-autolinking-plugin:pluginDescriptors UP-TO-DATE
> Task :expo-gradle-plugin:expo-autolinking-plugin:processResources UP-TO-DATE
> Task :expo-gradle-plugin:expo-autolinking-plugin:classes UP-TO-DATE
> Task :expo-gradle-plugin:expo-autolinking-plugin:jar UP-TO-DATE
> Task :gradle-plugin:react-native-gradle-plugin:compileKotlin UP-TO-DATE
> Task :gradle-plugin:react-native-gradle-plugin:compileJava NO-SOURCE
> Task :gradle-plugin:react-native-gradle-plugin:pluginDescriptors UP-TO-DATE
> Task :gradle-plugin:react-native-gradle-plugin:processResources UP-TO-DATE
> Task :gradle-plugin:react-native-gradle-plugin:classes UP-TO-DATE
> Task :gradle-plugin:react-native-gradle-plugin:jar UP-TO-DATE
> Task :expo-module-gradle-plugin:compileKotlin UP-TO-DATE
> Task :expo-module-gradle-plugin:compileJava NO-SOURCE
> Task :expo-module-gradle-plugin:classes UP-TO-DATE
> Task :expo-module-gradle-plugin:jar UP-TO-DATE

> Configure project :
[32m[ExpoRootProject][0m Using the following versions:
  - buildTools:  [32m35.0.0[0m
  - minSdk:      [32m24[0m
  - compileSdk:  [32m35[0m
  - targetSdk:   [32m35[0m
  - ndk:         [32m27.1.12297006[0m
  - kotlin:      [32m2.0.21[0m
  - ksp:         [32m2.0.21-1.0.28[0m

> Configure project :app
Checking the license for package NDK (Side by side) 27.1.12297006 in C:\Users\Vinay\AppData\Local\Android\Sdk\licenses
License for package NDK (Side by side) 27.1.12297006 accepted.
Preparing "Install NDK (Side by side) 27.1.12297006 v.27.1.12297006".
"Install NDK (Side by side) 27.1.12297006 v.27.1.12297006" ready.
Installing NDK (Side by side) 27.1.12297006 in C:\Users\Vinay\AppData\Local\Android\Sdk\ndk\27.1.12297006
"Install NDK (Side by side) 27.1.12297006 v.27.1.12297006" complete.
"Install NDK (Side by side) 27.1.12297006 v.27.1.12297006" finished.
Checking the license for package Android SDK Build-Tools 35 in C:\Users\Vinay\AppData\Local\Android\Sdk\licenses
License for package Android SDK Build-Tools 35 accepted.
Preparing "Install Android SDK Build-Tools 35 v.35.0.0".
"Install Android SDK Build-Tools 35 v.35.0.0" ready.
Installing Android SDK Build-Tools 35 in C:\Users\Vinay\AppData\Local\Android\Sdk\build-tools\35.0.0
"Install Android SDK Build-Tools 35 v.35.0.0" complete.
"Install Android SDK Build-Tools 35 v.35.0.0" finished.
Checking the license for package Android SDK Platform 35 in C:\Users\Vinay\AppData\Local\Android\Sdk\licenses
License for package Android SDK Platform 35 accepted.
Preparing "Install Android SDK Platform 35 (revision 2)".
"Install Android SDK Platform 35 (revision 2)" ready.
Installing Android SDK Platform 35 in C:\Users\Vinay\AppData\Local\Android\Sdk\platforms\android-35
"Install Android SDK Platform 35 (revision 2)" complete.
"Install Android SDK Platform 35 (revision 2)" finished.

> Configure project :expo

Using expo modules
  - [32mexpo-constants[0m (17.1.8)
  - [32mexpo-modules-core[0m (2.5.0)
  - [33m[?][0m [32mexpo-asset[0m (11.1.7)
  - [33m[?][0m [32mexpo-document-picker[0m (55.0.8)
  - [33m[?][0m [32mexpo-file-system[0m (18.1.11)
  - [33m[?][0m [32mexpo-font[0m (13.3.2)
  - [33m[?][0m [32mexpo-image-loader[0m (55.0.0)
  - [33m[?][0m [32mexpo-image-picker[0m (55.0.10)
  - [33m[?][0m [32mexpo-keep-awake[0m (14.1.4)
  - [33m[?][0m [32mexpo-linking[0m (7.1.7)
  - [33m[?][0m [32mexpo-location[0m (18.1.6)
  - [33m[?][0m [32mexpo-splash-screen[0m (0.30.10)


> Configure project :react-native-reanimated
Android gradle plugin: 8.8.2
Gradle: 8.13

> Configure project :react-native-worklets
Checking the license for package NDK (Side by side) 27.0.12077973 in C:\Users\Vinay\AppData\Local\Android\Sdk\licenses
License for package NDK (Side by side) 27.0.12077973 accepted.
Preparing "Install NDK (Side by side) 27.0.12077973 v.27.0.12077973".
"Install NDK (Side by side) 27.0.12077973 v.27.0.12077973" ready.
Installing NDK (Side by side) 27.0.12077973 in C:\Users\Vinay\AppData\Local\Android\Sdk\ndk\27.0.12077973
"Install NDK (Side by side) 27.0.12077973 v.27.0.12077973" complete.
"Install NDK (Side by side) 27.0.12077973 v.27.0.12077973" finished.

> Task :app:buildKotlinToolingMetadata
> Task :app:checkKotlinGradlePluginConfigurationErrors SKIPPED
> Task :app:generateAutolinkingNewArchitectureFiles
> Task :app:generateAutolinkingPackageList
> Task :app:generateCodegenSchemaFromJavaScript SKIPPED
> Task :app:generateCodegenArtifactsFromSchema SKIPPED
> Task :app:preBuild
> Task :app:preReleaseBuild
> Task :app:generateReleaseBuildConfig
> Task :expo:generatePackagesList
> Task :expo:preBuild
> Task :expo:preReleaseBuild
> Task :expo:writeReleaseAarMetadata
> Task :expo-constants:createExpoConfig
> Task :expo-constants:preBuild
> Task :expo-constants:preReleaseBuild
> Task :expo-modules-core:preBuild UP-TO-DATE
> Task :expo-modules-core:preReleaseBuild UP-TO-DATE
> Task :expo-constants:writeReleaseAarMetadata
> Task :expo-modules-core:writeReleaseAarMetadata
> Task :react-native-async-storage_async-storage:generateCodegenSchemaFromJavaScript
> Task :react-native-async-storage_async-storage:generateCodegenArtifactsFromSchema
> Task :react-native-async-storage_async-storage:preBuild
> Task :react-native-async-storage_async-storage:preReleaseBuild
> Task :react-native-maps:preBuild UP-TO-DATE
> Task :react-native-maps:preReleaseBuild UP-TO-DATE
> Task :react-native-async-storage_async-storage:writeReleaseAarMetadata
> Task :react-native-reanimated:assertMinimalReactNativeVersionTask SKIPPED
> Task :react-native-maps:writeReleaseAarMetadata
> Task :react-native-reanimated:generateCodegenSchemaFromJavaScript
> Task :react-native-reanimated:generateCodegenArtifactsFromSchema
> Task :react-native-reanimated:prepareReanimatedHeadersForPrefabs
> Task :react-native-reanimated:prepareWorkletsHeadersForPrefabs
> Task :react-native-reanimated:preBuild
> Task :react-native-reanimated:preReleaseBuild
> Task :react-native-reanimated:writeReleaseAarMetadata
> Task :react-native-safe-area-context:generateCodegenSchemaFromJavaScript
> Task :react-native-safe-area-context:generateCodegenArtifactsFromSchema
> Task :react-native-safe-area-context:preBuild
> Task :react-native-safe-area-context:preReleaseBuild
> Task :react-native-safe-area-context:writeReleaseAarMetadata
> Task :react-native-screens:generateCodegenSchemaFromJavaScript
> Task :react-native-screens:generateCodegenArtifactsFromSchema
> Task :react-native-screens:preBuild
> Task :react-native-screens:preReleaseBuild
> Task :react-native-screens:writeReleaseAarMetadata
> Task :react-native-worklets:generateCodegenSchemaFromJavaScript
> Task :react-native-worklets:generateCodegenArtifactsFromSchema
> Task :react-native-worklets:prepareHeaders
> Task :react-native-worklets:preBuild
> Task :react-native-worklets:preReleaseBuild
> Task :react-native-worklets:writeReleaseAarMetadata
> Task :react-native-worklets-core:generateCodegenSchemaFromJavaScript
> Task :react-native-worklets-core:generateCodegenArtifactsFromSchema
> Task :react-native-worklets-core:prepareHeaders
> Task :react-native-worklets-core:preBuild
> Task :react-native-worklets-core:preReleaseBuild
> Task :react-native-worklets-core:writeReleaseAarMetadata

> Task :app:createBundleReleaseJsAndAssets
  Eager key: {"bundleEncoding":"utf8","dev":false,"entryFile":"C:\\Projects\\middleman-upgrade\\middleman\\node_modules\\expo-router\\entry.js","minify":false,"platform":"android","sourcemapUseAbsolutePath":false}
Request key: {"bundleEncoding":"utf8","dev":false,"entryFile":"..\\..\\node_modules\\expo-router\\entry.js","minify":false,"platform":"android","sourcemapOutput":"android\\app\\build\\intermediates\\sourcemaps\\react\\release\\index.android.bundle.packager.map","sourcemapUseAbsolutePath":false}
node.exe : warning: Eager 
bundle does not match new 
options, bundling again.
At line:1 char:1
+ & "C:\Program 
Files\nodejs/node.exe" "C:
\Users\Vinay\AppData\Roami
ng\ ...
+ ~~~~~~~~~~~~~~~~~~~~~~~~
~~~~~~~~~~~~~~~~~~~~~~~~~~
~~~~~~~~~~~~~~~~~~~
    + CategoryInfo        
      : NotSpecified: (w  
  arning: Eager ...bund   
 ling again.:String) [    
], RemoteException
    + FullyQualifiedError 
   Id : NativeCommandErr  
  or
 
Starting Metro Bundler
Error: Unable to resolve 
module ./../../node_module
s/expo-router/entry.js 
from C:\Projects\middleman
-upgrade\middleman/.: 

None of these files exist:
  * ..\..\..\..\node_modul
es\expo-router\entry.js(.a
ndroid.ts|.native.ts|.ts|.
android.tsx|.native.tsx|.t
sx|.android.mjs|.native.mj
s|.mjs|.android.js|.native
.js|.js|.android.jsx|.nati
ve.jsx|.jsx|.android.json|
.native.json|.json|.androi
d.cjs|.native.cjs|.cjs|.an
droid.scss|.native.scss|.s
css|.android.sass|.native.
sass|.sass|.android.css|.n
ative.css|.css|.android.cs
s|.native.css|.css)
  * ..\..\..\..\node_modul
es\expo-router\entry.js
Error: Unable to resolve 
module ./../../node_module
s/expo-router/entry.js 
from C:\Projects\middleman
-upgrade\middleman/.: 

None of these files exist:
  * ..\..\..\..\node_modul
es\expo-router\entry.js(.a
ndroid.ts|.native.ts|.ts|.
android.tsx|.native.tsx|.t
sx|.android.mjs|.native.mj
s|.mjs|.android.js|.native
.js|.js|.android.jsx|.nati
ve.jsx|.jsx|.android.json|
.native.json|.json|.androi
d.cjs|.native.cjs|.cjs|.an
droid.scss|.native.scss|.s
css|.android.sass|.native.
sass|.sass|.android.css|.n
ative.css|.css|.android.cs
s|.native.css|.css)
  * ..\..\..\..\node_modul
es\expo-router\entry.js
    at ModuleResolver.reso
lveDependency (C:\Projects
\middleman-upgrade\middlem
an\node_modules\metro\src\
node-haste\DependencyGraph
\ModuleResolution.js:114:1
5)

    at DependencyGraph.res
olveDependency (C:\Project
s\middleman-upgrade\middle
man\node_modules\metro\src
\node-haste\DependencyGrap
h.js:239:43)
    at C:\Projects\middlem
an-upgrade\middleman\node_
modules\metro\src\lib\tran
sformHelpers.js:161:21
    at Server._resolveRela
tivePath (C:\Projects\midd
leman-upgrade\middleman\no
de_modules\metro\src\Serve
r.js:1157:12)
    at MetroBundlerDevServ
er.resolveRelativePathAsyn
c (C:\Projects\middleman-u
pgrade\middleman\node_modu
les\@expo\cli\src\start\se
rver\metro\MetroBundlerDev
Server.ts:1787:12)
    at MetroBundlerDevServ
er.metroLoadModuleContents
 (C:\Projects\middleman-up
grade\middleman\node_modul
es\@expo\cli\src\start\ser
ver\metro\MetroBundlerDevS
erver.ts:540:35)
    at MetroBundlerDevServ
er.legacySinglePageExportB
undleAsync (C:\Projects\mi
ddleman-upgrade\middleman\
node_modules\@expo\cli\src
\start\server\metro\MetroB
undlerDevServer.ts:867:20)
    at exportEmbedBundleAn
dAssetsAsync (C:\Projects\
middleman-upgrade\middlema
n\node_modules\@expo\cli\s
rc\export\embed\exportEmbe
dAsync.ts:206:21)
    at 
exportEmbedInternalAsync (
C:\Projects\middleman-upgr
ade\middleman\node_modules
\@expo\cli\src\export\embe
d\exportEmbedAsync.ts:137:
37)
> Task :app:createBundleReleaseJsAndAssets FAILED
    at exportEmbedAsync (C
:\Projects\middleman-upgra
de\middleman\node_modules\
@expo\cli\src\export\embed
\exportEmbedAsync.ts:117:3
)

[Incubating] Problems report is available at: file:///C:/Projects/middleman-upgrade/middleman/apps/native/android/build/reports/problems/problems-report.html

FAILURE: Build failed 
with an exception.

* What went wrong:
Execution failed for task 
':app:createBundleReleaseJ
sAndAssets'.
> Process 'command 'cmd'' 
finished with non-zero 
exit value 1

* Try:
> Run with --stacktrace 
option to get the stack 
trace.

> Run with --info or 
--debug option to get 
more log output.
> Run with --scan to get 
full insights.
> Get more help at 
https://help.gradle.org.
Deprecated Gradle features were used in this build, making it incompatible with Gradle 9.0.


BUILD FAILED in 5m 8s
You can use '--warning-mode all' to show the individual deprecation warnings and determine if they come from your own scripts or plugins.

For more on this, please refer to https://docs.gradle.org/8.13/userguide/command_line_interface.html#sec:command_line_warnings in the Gradle documentation.
61 actionable tasks: 37 executed, 24 up-to-date
Error: C:\Projects\middlem
an-upgrade\middleman\apps\
native\android\gradlew.bat
 app:assembleRelease -x 
lint -x test 
--configure-on-demand 
--build-cache -PreactNativ
eDevServerPort=8081 
exited with non-zero 
code: 1
Error: C:\Projects\middlem
an-upgrade\middleman\apps\
native\android\gradlew.bat
 app:assembleRelease -x 
lint -x test 
--configure-on-demand 
--build-cache -PreactNativ
eDevServerPort=8081 
exited with non-zero 
code: 1
    at ChildProcess.comple
tionListener (C:\Projects\
middleman-upgrade\middlema
n\node_modules\@expo\spawn
-async\src\spawnAsync.ts:6
7:13)
    at Object.onceWrapper 
(node:events:634:26)
    at ChildProcess.emit 
(node:events:519:28)
    at 
ChildProcess.cp.emit (C:\P
rojects\middleman-upgrade\
middleman\node_modules\cro
ss-spawn\lib\enoent.js:34:
29)
    at maybeClose (node:in
ternal/child_process:1101:
16)
    at Process.ChildProces
s._handle.onexit (node:int
ernal/child_process:304:5)
    ...
    at spawnAsync (C:\Proj
ects\middleman-upgrade\mid
dleman\node_modules\@expo\
spawn-async\src\spawnAsync
.ts:28:21)
    at spawnGradleAsync (C
:\Projects\middleman-upgra
de\middleman\node_modules\
@expo\cli\src\start\platfo
rms\android\gradle.ts:134:
28)
    at assembleAsync (C:\P
rojects\middleman-upgrade\
middleman\node_modules\@ex
po\cli\src\start\platforms
\android\gradle.ts:83:16)
    at runAndroidAsync (C:
\Projects\middleman-upgrad
e\middleman\node_modules\@
expo\cli\src\run\android\r
unAndroidAsync.ts:62:24)
    at 
processTicksAndRejections 
(node:internal/process/tas
k_queues:105:5)
