env: load .env.local
env: export NEXT_PUBLIC_SUPABASE_URL EXPO_PUBLIC_SUPABASE_URL NEXT_PUBLIC_SUPABASE_ANON_KEY EXPO_PUBLIC_SUPABASE_ANON_KEY SUPABASE_SERVICE_ROLE_KEY NEXT_PUBLIC_CLOUDINARY_CLOUD_NAME CLOUDINARY_API_KEY CLOUDINARY_API_SECRET UPSTASH_REDIS_REST_URL UPSTASH_REDIS_REST_TOKEN
ΓÇ║ Building app...
Starting a Gradle Daemon, 1 incompatible and 1 stopped Daemons could not be reused, use --status for details
Configuration on demand is an incubating feature.
> Task :gradle-plugin:settings-plugin:checkKotlinGradlePluginConfigurationErrors SKIPPED
> Task :gradle-plugin:shared:checkKotlinGradlePluginConfigurationErrors SKIPPED
> Task :expo-gradle-plugin:expo-autolinking-plugin-shared:checkKotlinGradlePluginConfigurationErrors
> Task :gradle-plugin:shared:compileKotlin FROM-CACHE
> Task :gradle-plugin:shared:compileJava NO-SOURCE
> Task :gradle-plugin:shared:processResources NO-SOURCE
> Task :gradle-plugin:shared:classes UP-TO-DATE
> Task :expo-gradle-plugin:expo-autolinking-plugin-shared:compileKotlin FROM-CACHE
> Task :expo-gradle-plugin:expo-autolinking-plugin-shared:compileJava NO-SOURCE
> Task :expo-gradle-plugin:expo-autolinking-plugin-shared:processResources NO-SOURCE
> Task :expo-gradle-plugin:expo-autolinking-plugin-shared:classes UP-TO-DATE
> Task :gradle-plugin:shared:jar
> Task :expo-gradle-plugin:expo-autolinking-plugin-shared:jar
> Task :expo-gradle-plugin:expo-autolinking-settings-plugin:checkKotlinGradlePluginConfigurationErrors
> Task :gradle-plugin:settings-plugin:compileKotlin FROM-CACHE
> Task :gradle-plugin:settings-plugin:compileJava NO-SOURCE
> Task :gradle-plugin:settings-plugin:pluginDescriptors
> Task :gradle-plugin:settings-plugin:processResources
> Task :gradle-plugin:settings-plugin:classes
> Task :gradle-plugin:settings-plugin:jar
> Task :expo-gradle-plugin:expo-autolinking-settings-plugin:compileKotlin FROM-CACHE
> Task :expo-gradle-plugin:expo-autolinking-settings-plugin:compileJava NO-SOURCE
> Task :expo-gradle-plugin:expo-autolinking-settings-plugin:pluginDescriptors
> Task :expo-gradle-plugin:expo-autolinking-settings-plugin:processResources
> Task :expo-gradle-plugin:expo-autolinking-settings-plugin:classes
> Task :expo-gradle-plugin:expo-autolinking-settings-plugin:jar
> Task :gradle-plugin:react-native-gradle-plugin:checkKotlinGradlePluginConfigurationErrors SKIPPED
> Task :expo-gradle-plugin:expo-autolinking-plugin:checkKotlinGradlePluginConfigurationErrors
> Task :expo-module-gradle-plugin:checkKotlinGradlePluginConfigurationErrors
> Task :expo-module-gradle-plugin:pluginDescriptors
> Task :expo-module-gradle-plugin:processResources
> Task :expo-gradle-plugin:expo-autolinking-plugin:compileKotlin FROM-CACHE
> Task :expo-gradle-plugin:expo-autolinking-plugin:compileJava NO-SOURCE
> Task :expo-gradle-plugin:expo-autolinking-plugin:pluginDescriptors
> Task :expo-gradle-plugin:expo-autolinking-plugin:processResources
> Task :expo-gradle-plugin:expo-autolinking-plugin:classes
> Task :expo-gradle-plugin:expo-autolinking-plugin:jar
> Task :gradle-plugin:react-native-gradle-plugin:compileKotlin FROM-CACHE
> Task :gradle-plugin:react-native-gradle-plugin:compileJava NO-SOURCE
> Task :gradle-plugin:react-native-gradle-plugin:pluginDescriptors
> Task :gradle-plugin:react-native-gradle-plugin:processResources
> Task :gradle-plugin:react-native-gradle-plugin:classes
> Task :gradle-plugin:react-native-gradle-plugin:jar
> Task :expo-module-gradle-plugin:compileKotlin FROM-CACHE
> Task :expo-module-gradle-plugin:compileJava NO-SOURCE
> Task :expo-module-gradle-plugin:classes
> Task :expo-module-gradle-plugin:jar

> Configure project :
[32m[ExpoRootProject][0m Using the following versions:
  - buildTools:  [32m35.0.0[0m
  - minSdk:      [32m24[0m
  - compileSdk:  [32m36[0m
  - targetSdk:   [32m36[0m
  - ndk:         [32m27.1.12297006[0m
  - kotlin:      [32m2.0.21[0m
  - ksp:         [32m2.0.21-1.0.28[0m
WARNING: We recommend using a newer Android Gradle plugin to use compileSdk = 36

This Android Gradle plugin (8.8.2) was tested up to compileSdk = 35.

You are strongly encouraged to update your project to use a newer
Android Gradle plugin that has been tested with compileSdk = 36.

If you are already using the latest version of the Android Gradle plugin,
you may need to wait until a newer version with support for compileSdk = 36 is available.

For more information refer to the compatibility table:
https://d.android.com/r/tools/api-level-support

To suppress this warning, add/update
    android.suppressUnsupportedCompileSdk=36
to this project's gradle.properties.

> Configure project :expo

Using expo modules
  - [32mexpo-constants[0m (17.1.8)
  - [32mexpo-modules-core[0m (2.5.0)
  - [33m[?][0m [32mexpo-asset[0m (11.1.7)
  - [33m[?][0m [32mexpo-document-picker[0m (55.0.8)
  - [33m[?][0m [32mexpo-file-system[0m (18.1.11)
  - [33m[?][0m [32mexpo-font[0m (13.3.2)
  - [33m[?][0m [32mexpo-image-loader[0m (55.0.0)
  - [33m[?][0m [32mexpo-image-picker[0m (55.0.10)
  - [33m[?][0m [32mexpo-keep-awake[0m (14.1.4)
  - [33m[?][0m [32mexpo-linking[0m (7.1.7)
  - [33m[?][0m [32mexpo-location[0m (18.1.6)
  - [33m[?][0m [32mexpo-splash-screen[0m (0.30.10)


> Configure project :react-native-reanimated
Android gradle plugin: 8.8.2
Gradle: 8.13

> Task :app:generateAutolinkingNewArchitectureFiles
> Task :app:generateAutolinkingPackageList
> Task :app:generateCodegenSchemaFromJavaScript SKIPPED
> Task :app:generateCodegenArtifactsFromSchema SKIPPED
> Task :app:preBuild
> Task :app:preDebugBuild
> Task :app:mergeDebugNativeDebugMetadata NO-SOURCE
> Task :app:checkKotlinGradlePluginConfigurationErrors SKIPPED
> Task :app:generateDebugBuildConfig UP-TO-DATE
> Task :expo:generatePackagesList
> Task :expo:preBuild
> Task :expo:preDebugBuild
> Task :expo:writeDebugAarMetadata
> Task :expo-constants:createExpoConfig
> Task :expo-constants:preBuild
> Task :expo-constants:preDebugBuild
> Task :expo-modules-core:preBuild UP-TO-DATE
> Task :expo-modules-core:preDebugBuild UP-TO-DATE
> Task :expo-constants:writeDebugAarMetadata
> Task :expo-modules-core:writeDebugAarMetadata
> Task :react-native-async-storage_async-storage:generateCodegenSchemaFromJavaScript
> Task :react-native-async-storage_async-storage:generateCodegenArtifactsFromSchema
> Task :react-native-async-storage_async-storage:preBuild
> Task :react-native-async-storage_async-storage:preDebugBuild
> Task :react-native-maps:preBuild UP-TO-DATE
> Task :react-native-maps:preDebugBuild UP-TO-DATE
> Task :react-native-async-storage_async-storage:writeDebugAarMetadata
> Task :react-native-reanimated:assertMinimalReactNativeVersionTask SKIPPED
> Task :react-native-maps:writeDebugAarMetadata
> Task :react-native-reanimated:generateCodegenSchemaFromJavaScript
> Task :react-native-reanimated:generateCodegenArtifactsFromSchema
> Task :react-native-reanimated:prepareReanimatedHeadersForPrefabs
> Task :react-native-reanimated:prepareWorkletsHeadersForPrefabs
> Task :react-native-reanimated:preBuild
> Task :react-native-reanimated:preDebugBuild
> Task :react-native-reanimated:writeDebugAarMetadata
> Task :react-native-safe-area-context:generateCodegenSchemaFromJavaScript
> Task :react-native-safe-area-context:generateCodegenArtifactsFromSchema
> Task :react-native-safe-area-context:preBuild
> Task :react-native-safe-area-context:preDebugBuild
> Task :react-native-safe-area-context:writeDebugAarMetadata
> Task :react-native-screens:generateCodegenSchemaFromJavaScript
> Task :react-native-screens:generateCodegenArtifactsFromSchema
> Task :react-native-screens:preBuild
> Task :react-native-screens:preDebugBuild
> Task :react-native-screens:writeDebugAarMetadata
> Task :react-native-worklets-core:generateCodegenSchemaFromJavaScript
> Task :react-native-worklets-core:generateCodegenArtifactsFromSchema
> Task :react-native-worklets-core:prepareHeaders
> Task :react-native-worklets-core:preBuild
> Task :react-native-worklets-core:preDebugBuild
> Task :react-native-worklets-core:writeDebugAarMetadata
> Task :app:generateDebugResValues UP-TO-DATE
> Task :expo:generateDebugResValues FROM-CACHE
> Task :expo:generateDebugResources FROM-CACHE
> Task :app:checkDebugAarMetadata
> Task :expo:packageDebugResources FROM-CACHE
> Task :expo-constants:generateDebugResValues FROM-CACHE
> Task :expo-constants:generateDebugResources FROM-CACHE
> Task :expo-constants:packageDebugResources FROM-CACHE
> Task :expo-modules-core:generateDebugResValues FROM-CACHE
> Task :expo-modules-core:generateDebugResources FROM-CACHE
> Task :expo-modules-core:packageDebugResources FROM-CACHE
> Task :react-native-async-storage_async-storage:generateDebugResValues FROM-CACHE
> Task :react-native-async-storage_async-storage:generateDebugResources FROM-CACHE
> Task :react-native-async-storage_async-storage:packageDebugResources FROM-CACHE
> Task :react-native-maps:generateDebugResValues FROM-CACHE
> Task :react-native-maps:generateDebugResources FROM-CACHE
> Task :react-native-maps:packageDebugResources FROM-CACHE
> Task :react-native-reanimated:generateDebugResValues FROM-CACHE
> Task :react-native-reanimated:generateDebugResources FROM-CACHE
> Task :react-native-reanimated:packageDebugResources FROM-CACHE
> Task :react-native-safe-area-context:generateDebugResValues FROM-CACHE
> Task :react-native-safe-area-context:generateDebugResources FROM-CACHE
> Task :react-native-safe-area-context:packageDebugResources FROM-CACHE
> Task :react-native-screens:generateDebugResValues FROM-CACHE
> Task :react-native-screens:generateDebugResources FROM-CACHE
> Task :react-native-screens:packageDebugResources FROM-CACHE
> Task :react-native-worklets-core:generateDebugResValues FROM-CACHE
> Task :react-native-worklets-core:generateDebugResources FROM-CACHE
> Task :react-native-worklets-core:packageDebugResources FROM-CACHE
> Task :app:mapDebugSourceSetPaths UP-TO-DATE
> Task :app:generateDebugResources UP-TO-DATE
> Task :app:mergeDebugResources UP-TO-DATE
> Task :app:packageDebugResources UP-TO-DATE
> Task :app:parseDebugLocalResources UP-TO-DATE
> Task :app:createDebugCompatibleScreenManifests UP-TO-DATE
> Task :app:extractDeepLinksDebug UP-TO-DATE
> Task :expo:extractDeepLinksDebug FROM-CACHE
> Task :expo:processDebugManifest FROM-CACHE
> Task :expo-constants:extractDeepLinksDebug FROM-CACHE
> Task :expo-constants:processDebugManifest FROM-CACHE
> Task :expo-modules-core:extractDeepLinksDebug FROM-CACHE
> Task :expo-modules-core:processDebugManifest FROM-CACHE
> Task :react-native-async-storage_async-storage:extractDeepLinksDebug FROM-CACHE
> Task :react-native-async-storage_async-storage:processDebugManifest FROM-CACHE
> Task :react-native-maps:extractDeepLinksDebug FROM-CACHE
> Task :react-native-maps:processDebugManifest FROM-CACHE
> Task :react-native-reanimated:extractDeepLinksDebug FROM-CACHE
> Task :react-native-reanimated:processDebugManifest FROM-CACHE
> Task :react-native-safe-area-context:extractDeepLinksDebug FROM-CACHE
> Task :react-native-safe-area-context:processDebugManifest FROM-CACHE
> Task :react-native-screens:extractDeepLinksDebug FROM-CACHE
> Task :react-native-screens:processDebugManifest FROM-CACHE
> Task :react-native-worklets-core:extractDeepLinksDebug FROM-CACHE
> Task :react-native-worklets-core:processDebugManifest FROM-CACHE

> Task :app:processDebugMainManifest
C:\Projects\middleman-upgrade\middleman\apps\native\android\app\src\debug\AndroidManifest.xml:6:5-162 Warning:
	application@android:usesCleartextTraffic was tagged at AndroidManifest.xml:6 to replace other declarations but no other declaration present
C:\Projects\middleman-upgrade\middleman\apps\native\android\app\src\debug\AndroidManifest.xml Warning:
	provider#expo.modules.filesystem.FileSystemFileProvider@android:authorities was tagged at AndroidManifest.xml:0 to replace other declarations but no other declaration present
C:\Projects\middleman-upgrade\middleman\apps\native\android\app\src\debug\AndroidManifest.xml Warning:
	activity#expo.modules.imagepicker.ExpoCropImageActivity@android:exported was tagged at AndroidManifest.xml:0 to replace other declarations but no other declaration present

> Task :app:processDebugManifest UP-TO-DATE
> Task :app:processDebugManifestForPackage UP-TO-DATE
> Task :expo:compileDebugLibraryResources FROM-CACHE
> Task :expo:parseDebugLocalResources FROM-CACHE
> Task :expo:generateDebugRFile FROM-CACHE
> Task :expo-constants:compileDebugLibraryResources FROM-CACHE
> Task :expo-constants:parseDebugLocalResources FROM-CACHE
> Task :expo-constants:generateDebugRFile FROM-CACHE
> Task :expo-modules-core:compileDebugLibraryResources FROM-CACHE
> Task :expo-modules-core:parseDebugLocalResources FROM-CACHE
> Task :expo-modules-core:generateDebugRFile FROM-CACHE
> Task :react-native-async-storage_async-storage:compileDebugLibraryResources FROM-CACHE
> Task :react-native-async-storage_async-storage:parseDebugLocalResources FROM-CACHE
> Task :react-native-async-storage_async-storage:generateDebugRFile FROM-CACHE
> Task :react-native-maps:compileDebugLibraryResources FROM-CACHE
> Task :react-native-maps:parseDebugLocalResources FROM-CACHE
> Task :react-native-maps:generateDebugRFile FROM-CACHE
> Task :react-native-reanimated:compileDebugLibraryResources FROM-CACHE
> Task :react-native-reanimated:parseDebugLocalResources FROM-CACHE
> Task :react-native-reanimated:generateDebugRFile FROM-CACHE
> Task :react-native-safe-area-context:compileDebugLibraryResources FROM-CACHE
> Task :react-native-safe-area-context:parseDebugLocalResources FROM-CACHE
> Task :react-native-safe-area-context:generateDebugRFile FROM-CACHE
> Task :react-native-screens:compileDebugLibraryResources FROM-CACHE
> Task :react-native-screens:parseDebugLocalResources FROM-CACHE
> Task :react-native-screens:generateDebugRFile FROM-CACHE
> Task :react-native-worklets-core:compileDebugLibraryResources FROM-CACHE
> Task :react-native-worklets-core:parseDebugLocalResources FROM-CACHE
> Task :react-native-worklets-core:generateDebugRFile FROM-CACHE
> Task :expo:checkKotlinGradlePluginConfigurationErrors SKIPPED
> Task :expo:generateDebugBuildConfig FROM-CACHE
> Task :expo-constants:checkKotlinGradlePluginConfigurationErrors SKIPPED
> Task :expo-constants:generateDebugBuildConfig FROM-CACHE
> Task :expo-modules-core:checkKotlinGradlePluginConfigurationErrors SKIPPED
> Task :expo-modules-core:generateDebugBuildConfig FROM-CACHE
> Task :expo-modules-core:compileDebugKotlin FROM-CACHE
> Task :expo-modules-core:javaPreCompileDebug FROM-CACHE
> Task :expo-modules-core:compileDebugJavaWithJavac FROM-CACHE
> Task :expo-constants:javaPreCompileDebug FROM-CACHE
> Task :expo:javaPreCompileDebug FROM-CACHE
> Task :react-native-async-storage_async-storage:generateDebugBuildConfig FROM-CACHE
> Task :react-native-async-storage_async-storage:javaPreCompileDebug FROM-CACHE
> Task :expo-modules-core:bundleLibCompileToJarDebug
> Task :app:processDebugResources

> Task :react-native-async-storage_async-storage:compileDebugJavaWithJavac
node.exe : Note: Some 
input files use or 
override a deprecated 
API.
At line:1 char:1
+ & "C:\Program Files\
nodejs/node.exe" "C:\U
sers\Vinay\AppData\Roa
ming\ ...
+ ~~~~~~~~~~~~~~~~~~~~
~~~~~~~~~~~~~~~~~~~~~~
~~~~~~~~~~~~~~~~~~~~~~
~~~~~
    + CategoryInfo    
          : NotSpeci  
  fied: (Note: Some   
  inpu...deprecate    
d API.:String) []    
, RemoteException
    + FullyQualifiedE 
   rrorId : NativeCo  
  mmandError
 
Note: Recompile with 
-Xlint:deprecation 
for details.
Note: C:\Projects\midd
leman-upgrade\middlema
n\apps\native\node_mod
ules\@react-native-asy
nc-storage\async-stora
ge\android\src\javaPac
kage\java\com\reactnat
ivecommunity\asyncstor
age\AsyncStoragePackag
e.java uses unchecked 
or unsafe operations.
Note: Recompile with 
-Xlint:unchecked for 
details.

> Task :expo-constants:compileDebugKotlin FROM-CACHE
> Task :expo-constants:compileDebugJavaWithJavac FROM-CACHE
> Task :expo-constants:bundleLibCompileToJarDebug
> Task :react-native-async-storage_async-storage:bundleLibCompileToJarDebug
> Task :react-native-maps:generateDebugBuildConfig FROM-CACHE
> Task :expo:compileDebugKotlin FROM-CACHE
> Task :expo:compileDebugJavaWithJavac FROM-CACHE
> Task :react-native-maps:javaPreCompileDebug FROM-CACHE
> Task :expo:bundleLibCompileToJarDebug
> Task :react-native-maps:compileDebugJavaWithJavac FROM-CACHE
> Task :react-native-reanimated:generateDebugBuildConfig
> Task :react-native-reanimated:javaPreCompileDebug FROM-CACHE
> Task :react-native-reanimated:packageNdkLibs NO-SOURCE
> Task :react-native-maps:bundleLibCompileToJarDebug

> Task :react-native-reanimated:compileDebugJavaWithJavac
Note: Some input 
files use or override 
a deprecated API.
Note: Recompile with 
-Xlint:deprecation 
for details.
Note: Some input 
files use unchecked 
or unsafe operations.
Note: Recompile with 
-Xlint:unchecked for 
details.

> Task :react-native-safe-area-context:checkKotlinGradlePluginConfigurationErrors SKIPPED
> Task :react-native-safe-area-context:generateDebugBuildConfig FROM-CACHE
> Task :react-native-reanimated:bundleLibCompileToJarDebug
> Task :react-native-safe-area-context:compileDebugKotlin FROM-CACHE
> Task :react-native-safe-area-context:javaPreCompileDebug FROM-CACHE
> Task :react-native-safe-area-context:compileDebugJavaWithJavac FROM-CACHE
> Task :react-native-screens:checkKotlinGradlePluginConfigurationErrors SKIPPED
> Task :react-native-screens:generateDebugBuildConfig FROM-CACHE
> Task :react-native-safe-area-context:bundleLibCompileToJarDebug
> Task :react-native-screens:compileDebugKotlin FROM-CACHE
> Task :react-native-screens:javaPreCompileDebug FROM-CACHE
> Task :react-native-screens:compileDebugJavaWithJavac FROM-CACHE
> Task :react-native-worklets-core:generateDebugBuildConfig FROM-CACHE
> Task :react-native-worklets-core:javaPreCompileDebug FROM-CACHE
> Task :react-native-worklets-core:compileDebugJavaWithJavac FROM-CACHE
> Task :app:javaPreCompileDebug UP-TO-DATE
> Task :app:mergeDebugShaders UP-TO-DATE
> Task :react-native-worklets-core:bundleLibCompileToJarDebug
> Task :app:compileDebugShaders NO-SOURCE
> Task :app:generateDebugAssets UP-TO-DATE
> Task :react-native-screens:bundleLibCompileToJarDebug
> Task :expo:mergeDebugShaders
> Task :expo:compileDebugShaders NO-SOURCE
> Task :expo:generateDebugAssets UP-TO-DATE
> Task :expo:packageDebugAssets
> Task :expo-constants:mergeDebugShaders
> Task :expo-constants:compileDebugShaders NO-SOURCE
> Task :expo-constants:generateDebugAssets UP-TO-DATE
> Task :expo-constants:packageDebugAssets
> Task :expo-modules-core:mergeDebugShaders
> Task :expo-modules-core:compileDebugShaders NO-SOURCE
> Task :expo-modules-core:generateDebugAssets UP-TO-DATE
> Task :expo-modules-core:packageDebugAssets
> Task :react-native-async-storage_async-storage:mergeDebugShaders
> Task :react-native-async-storage_async-storage:compileDebugShaders NO-SOURCE
> Task :react-native-async-storage_async-storage:generateDebugAssets UP-TO-DATE
> Task :react-native-async-storage_async-storage:packageDebugAssets
> Task :react-native-maps:mergeDebugShaders
> Task :react-native-maps:compileDebugShaders NO-SOURCE
> Task :react-native-maps:generateDebugAssets UP-TO-DATE
> Task :react-native-maps:packageDebugAssets
> Task :react-native-reanimated:mergeDebugShaders
> Task :react-native-reanimated:compileDebugShaders NO-SOURCE
> Task :react-native-reanimated:generateDebugAssets UP-TO-DATE
> Task :react-native-reanimated:packageDebugAssets
> Task :react-native-safe-area-context:mergeDebugShaders
> Task :react-native-safe-area-context:compileDebugShaders NO-SOURCE
> Task :react-native-safe-area-context:generateDebugAssets UP-TO-DATE
> Task :react-native-safe-area-context:packageDebugAssets
> Task :react-native-screens:mergeDebugShaders
> Task :react-native-screens:compileDebugShaders NO-SOURCE
> Task :react-native-screens:generateDebugAssets UP-TO-DATE
> Task :react-native-screens:packageDebugAssets
> Task :react-native-worklets-core:mergeDebugShaders
> Task :react-native-worklets-core:compileDebugShaders NO-SOURCE
> Task :react-native-worklets-core:generateDebugAssets UP-TO-DATE
> Task :react-native-worklets-core:packageDebugAssets
> Task :app:mergeDebugAssets UP-TO-DATE
> Task :app:compressDebugAssets UP-TO-DATE
> Task :react-native-safe-area-context:bundleLibRuntimeToJarDebug
> Task :react-native-async-storage_async-storage:bundleLibRuntimeToJarDebug
> Task :expo:bundleLibRuntimeToJarDebug
> Task :react-native-worklets-core:bundleLibRuntimeToJarDebug
> Task :react-native-maps:bundleLibRuntimeToJarDebug
> Task :react-native-reanimated:bundleLibRuntimeToJarDebug
> Task :app:desugarDebugFileDependencies UP-TO-DATE
> Task :expo-constants:bundleLibRuntimeToJarDebug
> Task :react-native-screens:bundleLibRuntimeToJarDebug
> Task :expo:processDebugJavaRes
> Task :expo-constants:processDebugJavaRes
> Task :expo-modules-core:processDebugJavaRes
> Task :react-native-async-storage_async-storage:processDebugJavaRes NO-SOURCE
> Task :react-native-maps:processDebugJavaRes NO-SOURCE
> Task :react-native-reanimated:processDebugJavaRes NO-SOURCE
> Task :react-native-safe-area-context:processDebugJavaRes
> Task :react-native-screens:processDebugJavaRes
> Task :react-native-worklets-core:processDebugJavaRes NO-SOURCE
> Task :expo-modules-core:bundleLibRuntimeToJarDebug
> Task :app:checkDebugDuplicateClasses UP-TO-DATE
> Task :app:mergeExtDexDebug UP-TO-DATE
> Task :react-native-worklets-core:bundleLibRuntimeToDirDebug
> Task :react-native-async-storage_async-storage:bundleLibRuntimeToDirDebug
> Task :react-native-safe-area-context:bundleLibRuntimeToDirDebug
> Task :expo-constants:bundleLibRuntimeToDirDebug
> Task :react-native-maps:bundleLibRuntimeToDirDebug
> Task :react-native-reanimated:bundleLibRuntimeToDirDebug
> Task :expo:bundleLibRuntimeToDirDebug
> Task :react-native-screens:bundleLibRuntimeToDirDebug
> Task :expo-modules-core:bundleLibRuntimeToDirDebug
> Task :react-native-reanimated:configureCMakeDebug[arm64-v8a]
> Task :app:compileDebugKotlin
> Task :react-native-reanimated:configureCMakeDebug[x86_64]
> Task :app:compileDebugJavaWithJavac
> Task :app:dexBuilderDebug
> Task :app:mergeDebugGlobalSynthetics UP-TO-DATE
> Task :app:processDebugJavaRes UP-TO-DATE
> Task :app:mergeDebugJavaResource UP-TO-DATE
> Task :react-native-reanimated:generateJsonModelDebug
> Task :react-native-reanimated:prefabDebugConfigurePackage
> Task :app:mergeProjectDexDebug
> Task :app:mergeLibDexDebug
> Task :react-native-worklets-core:configureCMakeDebug[arm64-v8a]

> Task :react-native-worklets-core:buildCMakeDebug[arm64-v8a]
C/C++: ninja: Entering directory `C:\Projects\middleman-upgrade\middleman\apps\native\node_modules\react-native-worklets-core\android\.cxx\Debug\3f1s586g\arm64-v8a'
C/C++: In file included from C:/Projects/middleman-upgrade/middleman/apps/native/node_modules/react-native-worklets-core/android/cpp-adapter.cpp:6:
C/C++: In file included from C:/Projects/middleman-upgrade/middleman/apps/native/node_modules/react-native-worklets-core/android/../cpp/WKTJsiWorkletApi.h:14:
C/C++: In file included from C:/Projects/middleman-upgrade/middleman/apps/native/node_modules/react-native-worklets-core/android/../cpp/sharedvalues/WKTJsiSharedValue.h:8:
C/C++: C:/Projects/middleman-upgrade/middleman/apps/native/node_modules/react-native-worklets-core/android/../cpp/WKTJsiDispatcher.h:97:22: warning: exception of type 'const std::runtime_error &' will be caught by earlier handler [-Wexceptions]
C/C++:    97 |       } catch (const std::runtime_error &err) {
C/C++:       |                      ^
C/C++: C:/Projects/middleman-upgrade/middleman/apps/native/node_modules/react-native-worklets-core/android/../cpp/WKTJsiDispatcher.h:94:22: note: for type 'const std::exception &'
C/C++:    94 |       } catch (const std::exception &err) {
C/C++:       |                      ^
C/C++: 1 warning generated.
C/C++: In file included from C:/Projects/middleman-upgrade/middleman/apps/native/node_modules/react-native-worklets-core/cpp/WKTJsiWorkletApi.cpp:1:
C/C++: In file included from C:/Projects/middleman-upgrade/middleman/apps/native/node_modules/react-native-worklets-core/cpp/WKTJsiWorkletApi.h:14:
C/C++: In file included from C:/Projects/middleman-upgrade/middleman/apps/native/node_modules/react-native-worklets-core/android/../cpp/sharedvalues/WKTJsiSharedValue.h:8:
C/C++: C:/Projects/middleman-upgrade/middleman/apps/native/node_modules/react-native-worklets-core/android/../cpp/WKTJsiDispatcher.h:97:22: warning: exception of type 'const std::runtime_error &' will be caught by earlier handler [-Wexceptions]
C/C++:    97 |       } catch (const std::runtime_error &err) {
C/C++:       |                      ^
C/C++: C:/Projects/middleman-upgrade/middleman/apps/native/node_modules/react-native-worklets-core/android/../cpp/WKTJsiDispatcher.h:94:22: note: for type 'const std::exception &'
C/C++:    94 |       } catch (const std::exception &err) {
C/C++:       |                      ^
C/C++: 1 warning generated.
C/C++: In file included from C:/Projects/middleman-upgrade/middleman/apps/native/node_modules/react-native-worklets-core/cpp/WKTJsiWorkletContext.cpp:3:
C/C++: In file included from C:/Projects/middleman-upgrade/middleman/apps/native/node_modules/react-native-worklets-core/cpp/WKTJsiWorkletApi.h:14:
C/C++: In file included from C:/Projects/middleman-upgrade/middleman/apps/native/node_modules/react-native-worklets-core/android/../cpp/sharedvalues/WKTJsiSharedValue.h:8:
C/C++: C:/Projects/middleman-upgrade/middleman/apps/native/node_modules/react-native-worklets-core/android/../cpp/WKTJsiDispatcher.h:97:22: warning: exception of type 'const std::runtime_error &' will be caught by earlier handler [-Wexceptions]
C/C++:    97 |       } catch (const std::runtime_error &err) {
C/C++:       |                      ^
C/C++: C:/Projects/middleman-upgrade/middleman/apps/native/node_modules/react-native-worklets-core/android/../cpp/WKTJsiDispatcher.h:94:22: note: for type 'const std::exception &'
C/C++:    94 |       } catch (const std::exception &err) {
C/C++:       |                      ^
C/C++: 1 warning generated.

> Task :react-native-worklets-core:configureCMakeDebug[x86_64]

> Task :react-native-worklets-core:buildCMakeDebug[x86_64]
C/C++: ninja: Entering directory `C:\Projects\middleman-upgrade\middleman\apps\native\node_modules\react-native-worklets-core\android\.cxx\Debug\3f1s586g\x86_64'
C/C++: In file included from C:/Projects/middleman-upgrade/middleman/apps/native/node_modules/react-native-worklets-core/android/cpp-adapter.cpp:6:
C/C++: In file included from C:/Projects/middleman-upgrade/middleman/apps/native/node_modules/react-native-worklets-core/android/../cpp/WKTJsiWorkletApi.h:14:
C/C++: In file included from C:/Projects/middleman-upgrade/middleman/apps/native/node_modules/react-native-worklets-core/android/../cpp/sharedvalues/WKTJsiSharedValue.h:8:
C/C++: C:/Projects/middleman-upgrade/middleman/apps/native/node_modules/react-native-worklets-core/android/../cpp/WKTJsiDispatcher.h:97:22: warning: exception of type 'const std::runtime_error &' will be caught by earlier handler [-Wexceptions]
C/C++:    97 |       } catch (const std::runtime_error &err) {
C/C++:       |                      ^
C/C++: C:/Projects/middleman-upgrade/middleman/apps/native/node_modules/react-native-worklets-core/android/../cpp/WKTJsiDispatcher.h:94:22: note: for type 'const std::exception &'
C/C++:    94 |       } catch (const std::exception &err) {
C/C++:       |                      ^
C/C++: 1 warning generated.
C/C++: In file included from C:/Projects/middleman-upgrade/middleman/apps/native/node_modules/react-native-worklets-core/cpp/WKTJsiWorkletApi.cpp:1:
C/C++: In file included from C:/Projects/middleman-upgrade/middleman/apps/native/node_modules/react-native-worklets-core/cpp/WKTJsiWorkletApi.h:14:
C/C++: In file included from C:/Projects/middleman-upgrade/middleman/apps/native/node_modules/react-native-worklets-core/android/../cpp/sharedvalues/WKTJsiSharedValue.h:8:
C/C++: C:/Projects/middleman-upgrade/middleman/apps/native/node_modules/react-native-worklets-core/android/../cpp/WKTJsiDispatcher.h:97:22: warning: exception of type 'const std::runtime_error &' will be caught by earlier handler [-Wexceptions]
C/C++:    97 |       } catch (const std::runtime_error &err) {
C/C++:       |                      ^
C/C++: C:/Projects/middleman-upgrade/middleman/apps/native/node_modules/react-native-worklets-core/android/../cpp/WKTJsiDispatcher.h:94:22: note: for type 'const std::exception &'
C/C++:    94 |       } catch (const std::exception &err) {
C/C++:       |                      ^
C/C++: 1 warning generated.
C/C++: In file included from C:/Projects/middleman-upgrade/middleman/apps/native/node_modules/react-native-worklets-core/cpp/WKTJsiWorkletContext.cpp:3:
C/C++: In file included from C:/Projects/middleman-upgrade/middleman/apps/native/node_modules/react-native-worklets-core/cpp/WKTJsiWorkletApi.h:14:
C/C++: In file included from C:/Projects/middleman-upgrade/middleman/apps/native/node_modules/react-native-worklets-core/android/../cpp/sharedvalues/WKTJsiSharedValue.h:8:
C/C++: C:/Projects/middleman-upgrade/middleman/apps/native/node_modules/react-native-worklets-core/android/../cpp/WKTJsiDispatcher.h:97:22: warning: exception of type 'const std::runtime_error &' will be caught by earlier handler [-Wexceptions]
C/C++:    97 |       } catch (const std::runtime_error &err) {
C/C++:       |                      ^
C/C++: C:/Projects/middleman-upgrade/middleman/apps/native/node_modules/react-native-worklets-core/android/../cpp/WKTJsiDispatcher.h:94:22: note: for type 'const std::exception &'
C/C++:    94 |       } catch (const std::exception &err) {
C/C++:       |                      ^
C/C++: 1 warning generated.

> Task :react-native-worklets-core:externalNativeBuildDebug
> Task :react-native-worklets-core:generateJsonModelDebug
> Task :react-native-worklets-core:prefabDebugConfigurePackage
> Task :app:configureCMakeDebug[arm64-v8a]
> Task :react-native-reanimated:buildCMakeDebug[arm64-v8a][reanimated,worklets]
> Task :react-native-reanimated:buildCMakeDebug[x86_64][reanimated,worklets]
> Task :react-native-reanimated:externalNativeBuildDebug
> Task :react-native-reanimated:prefabDebugPackage
> Task :react-native-worklets-core:prefabDebugPackage
> Task :app:buildCMakeDebug[arm64-v8a]
> Task :app:configureCMakeDebug[x86_64]
> Task :app:buildCMakeDebug[x86_64]
> Task :app:mergeDebugJniLibFolders
> Task :expo:mergeDebugJniLibFolders
> Task :expo:mergeDebugNativeLibs NO-SOURCE
> Task :expo:copyDebugJniLibsProjectOnly
> Task :expo-constants:mergeDebugJniLibFolders
> Task :expo-constants:mergeDebugNativeLibs NO-SOURCE
> Task :expo-constants:copyDebugJniLibsProjectOnly
> Task :expo-modules-core:configureCMakeDebug[arm64-v8a]
> Task :expo-modules-core:buildCMakeDebug[arm64-v8a]
> Task :expo-modules-core:configureCMakeDebug[x86_64]
> Task :expo-modules-core:buildCMakeDebug[x86_64]
> Task :expo-modules-core:mergeDebugJniLibFolders
> Task :react-native-async-storage_async-storage:mergeDebugJniLibFolders
> Task :react-native-async-storage_async-storage:mergeDebugNativeLibs NO-SOURCE
> Task :react-native-async-storage_async-storage:copyDebugJniLibsProjectOnly
> Task :react-native-maps:mergeDebugJniLibFolders
> Task :react-native-maps:mergeDebugNativeLibs NO-SOURCE
> Task :react-native-maps:copyDebugJniLibsProjectOnly
> Task :react-native-reanimated:mergeDebugJniLibFolders
> Task :react-native-safe-area-context:mergeDebugJniLibFolders
> Task :react-native-safe-area-context:mergeDebugNativeLibs NO-SOURCE
> Task :react-native-safe-area-context:copyDebugJniLibsProjectOnly
> Task :expo-modules-core:mergeDebugNativeLibs
> Task :react-native-reanimated:mergeDebugNativeLibs
> Task :react-native-screens:configureCMakeDebug[arm64-v8a]
> Task :expo-modules-core:copyDebugJniLibsProjectOnly
> Task :react-native-reanimated:copyDebugJniLibsProjectOnly
> Task :react-native-screens:buildCMakeDebug[arm64-v8a]
> Task :react-native-screens:configureCMakeDebug[x86_64]
> Task :react-native-screens:buildCMakeDebug[x86_64]
> Task :react-native-screens:mergeDebugJniLibFolders
> Task :react-native-worklets-core:mergeDebugJniLibFolders
> Task :app:validateSigningDebug
> Task :react-native-screens:mergeDebugNativeLibs
> Task :app:writeDebugAppMetadata
> Task :react-native-screens:copyDebugJniLibsProjectOnly
> Task :app:writeDebugSigningConfigVersions
> Task :react-native-worklets-core:mergeDebugNativeLibs
> Task :react-native-worklets-core:copyDebugJniLibsProjectOnly
> Task :app:mergeDebugNativeLibs
> Task :app:stripDebugDebugSymbols
> Task :app:packageDebug
> Task :app:createDebugApkListingFileRedirect
> Task :app:assembleDebug

[Incubating] Problems report is available at: file:///C:/Projects/middleman-upgrade/middleman/apps/native/android/build/reports/problems/problems-report.html

Deprecated Gradle features were used in this build, making it incompatible with Gradle 9.0.

You can use '--warning-mode all' to show the individual deprecation warnings and determine if they come from your own scripts or plugins.

For more on this, please refer to https://docs.gradle.org/8.13/userguide/command_line_interface.html#sec:command_line_warnings in the Gradle documentation.

BUILD SUCCESSFUL in 5m 20s
293 actionable tasks: 164 executed, 108 from cache, 21 up-to-date
Starting Metro Bundler
Waiting on http://localhost:8081
ΓÇ║ Installing C:\Projects\middleman-upgrade\middleman\apps\native\android\app\build\outputs\apk\debug\app-debug.apk
ΓÇ║ Opening middleman://expo-development-client/?url=http%3A%2F%2F192.168.1.7%3A8081 on Medium_Phone_API_36.1

ΓÇ║ Logs for your project will appear below.
Android apps\native\node_modules\expo-router\entry.js ΓûæΓûæΓûæΓûæΓûæΓûæΓûæΓûæΓûæΓûæΓûæΓûæΓûæΓûæΓûæΓûæ  0.0% (0/1)
Android apps\native\node_modules\expo-router\entry.js ΓûôΓûôΓûôΓûæΓûæΓûæΓûæΓûæΓûæΓûæΓûæΓûæΓûæΓûæΓûæΓûæ 21.8% ( 41/143)
Android apps\native\node_modules\expo-router\entry.js ΓûôΓûôΓûôΓûôΓûôΓûôΓûôΓûæΓûæΓûæΓûæΓûæΓûæΓûæΓûæΓûæ 47.0% (423/617)
Android apps\native\node_modules\expo-router\entry.js ΓûôΓûôΓûôΓûôΓûôΓûôΓûôΓûôΓûôΓûôΓûôΓûæΓûæΓûæΓûæΓûæ 70.7% (778/927)
Android apps\native\node_modules\expo-router\entry.js ΓûôΓûôΓûôΓûôΓûôΓûôΓûôΓûôΓûôΓûôΓûôΓûôΓûôΓûôΓûæΓûæ 91.2% (1127/1214)
Android apps\native\node_modules\expo-router\entry.js ΓûôΓûôΓûôΓûôΓûôΓûôΓûôΓûôΓûôΓûôΓûôΓûôΓûôΓûôΓûôΓûæ 99.9% (1457/1458)
Android apps\native\node_modules\expo-router\entry.js ΓûôΓûôΓûôΓûôΓûôΓûôΓûôΓûôΓûôΓûôΓûôΓûôΓûôΓûôΓûôΓûæ 99.9% (1458/1458)
Android apps\native\node_modules\expo-router\entry.js ΓûôΓûôΓûôΓûôΓûôΓûôΓûôΓûôΓûôΓûôΓûôΓûôΓûôΓûôΓûôΓûæ 99.9% (3076/3148)
Android apps\native\node_modules\expo-router\entry.js ΓûôΓûôΓûôΓûôΓûôΓûôΓûôΓûôΓûôΓûôΓûôΓûôΓûôΓûôΓûôΓûæ 99.9% (3773/3840)
Android apps\native\node_modules\expo-router\entry.js ΓûôΓûôΓûôΓûôΓûôΓûôΓûôΓûôΓûôΓûôΓûôΓûôΓûôΓûôΓûôΓûæ 99.9% (4050/4050)
Android Bundled 49797ms apps\native\node_modules\expo-router\entry.js (4050 modules)
